CRITICAL - 2023-11-11 04:35:35 --> Undefined property: stdClass::$LastName
in APPPATH\Controllers\UserController.php on line 46.
 1 APPPATH\Controllers\UserController.php(46): CodeIgniter\Debug\Exceptions->errorHandler(2, 'Undefined property: stdClass::$LastName', 'C:\\laragon\\www\\backend\\app\\Controllers\\UserController.php', 46)
 2 SYSTEMPATH\CodeIgniter.php(942): App\Controllers\UserController->register()
 3 SYSTEMPATH\CodeIgniter.php(502): CodeIgniter\CodeIgniter->runController(Object(App\Controllers\UserController))
 4 SYSTEMPATH\CodeIgniter.php(361): CodeIgniter\CodeIgniter->handleRequest(null, Object(Config\Cache), false)
 5 FCPATH\index.php(86): CodeIgniter\CodeIgniter->run()
CRITICAL - 2023-11-11 06:06:48 --> Undefined property: stdClass::$id
in APPPATH\Controllers\UserController.php on line 70.
 1 APPPATH\Controllers\UserController.php(70): CodeIgniter\Debug\Exceptions->errorHandler(2, 'Undefined property: stdClass::$id', 'C:\\laragon\\www\\backend\\app\\Controllers\\UserController.php', 70)
 2 SYSTEMPATH\CodeIgniter.php(942): App\Controllers\UserController->deleteUser()
 3 SYSTEMPATH\CodeIgniter.php(502): CodeIgniter\CodeIgniter->runController(Object(App\Controllers\UserController))
 4 SYSTEMPATH\CodeIgniter.php(361): CodeIgniter\CodeIgniter->handleRequest(null, Object(Config\Cache), false)
 5 FCPATH\index.php(86): CodeIgniter\CodeIgniter->run()
CRITICAL - 2023-11-11 06:12:28 --> Undefined property: stdClass::$id
in APPPATH\Controllers\UserController.php on line 70.
 1 APPPATH\Controllers\UserController.php(70): CodeIgniter\Debug\Exceptions->errorHandler(2, 'Undefined property: stdClass::$id', 'C:\\laragon\\www\\backend\\app\\Controllers\\UserController.php', 70)
 2 SYSTEMPATH\CodeIgniter.php(942): App\Controllers\UserController->deleteUser()
 3 SYSTEMPATH\CodeIgniter.php(502): CodeIgniter\CodeIgniter->runController(Object(App\Controllers\UserController))
 4 SYSTEMPATH\CodeIgniter.php(361): CodeIgniter\CodeIgniter->handleRequest(null, Object(Config\Cache), false)
 5 FCPATH\index.php(86): CodeIgniter\CodeIgniter->run()
CRITICAL - 2023-11-11 16:11:57 --> Attempt to read property "FirstName" on null
in APPPATH\Controllers\UserController.php on line 46.
 1 APPPATH\Controllers\UserController.php(46): CodeIgniter\Debug\Exceptions->errorHandler(2, 'Attempt to read property "FirstName" on null', 'C:\\laragon\\www\\backend\\app\\Controllers\\UserController.php', 46)
 2 SYSTEMPATH\CodeIgniter.php(942): App\Controllers\UserController->register()
 3 SYSTEMPATH\CodeIgniter.php(502): CodeIgniter\CodeIgniter->runController(Object(App\Controllers\UserController))
 4 SYSTEMPATH\CodeIgniter.php(361): CodeIgniter\CodeIgniter->handleRequest(null, Object(Config\Cache), false)
 5 FCPATH\index.php(86): CodeIgniter\CodeIgniter->run()
CRITICAL - 2023-11-11 16:13:08 --> Attempt to read property "FirstName" on null
in APPPATH\Controllers\UserController.php on line 46.
 1 APPPATH\Controllers\UserController.php(46): CodeIgniter\Debug\Exceptions->errorHandler(2, 'Attempt to read property "FirstName" on null', 'C:\\laragon\\www\\backend\\app\\Controllers\\UserController.php', 46)
 2 SYSTEMPATH\CodeIgniter.php(942): App\Controllers\UserController->register()
 3 SYSTEMPATH\CodeIgniter.php(502): CodeIgniter\CodeIgniter->runController(Object(App\Controllers\UserController))
 4 SYSTEMPATH\CodeIgniter.php(361): CodeIgniter\CodeIgniter->handleRequest(null, Object(Config\Cache), false)
 5 FCPATH\index.php(86): CodeIgniter\CodeIgniter->run()
CRITICAL - 2023-11-11 16:15:58 --> Attempt to read property "FirstName" on null
in APPPATH\Controllers\UserController.php on line 46.
 1 APPPATH\Controllers\UserController.php(46): CodeIgniter\Debug\Exceptions->errorHandler(2, 'Attempt to read property "FirstName" on null', 'C:\\laragon\\www\\backend\\app\\Controllers\\UserController.php', 46)
 2 SYSTEMPATH\CodeIgniter.php(942): App\Controllers\UserController->register()
 3 SYSTEMPATH\CodeIgniter.php(502): CodeIgniter\CodeIgniter->runController(Object(App\Controllers\UserController))
 4 SYSTEMPATH\CodeIgniter.php(361): CodeIgniter\CodeIgniter->handleRequest(null, Object(Config\Cache), false)
 5 FCPATH\index.php(86): CodeIgniter\CodeIgniter->run()
CRITICAL - 2023-11-11 16:17:29 --> Attempt to read property "FirstName" on null
in APPPATH\Controllers\UserController.php on line 46.
 1 APPPATH\Controllers\UserController.php(46): CodeIgniter\Debug\Exceptions->errorHandler(2, 'Attempt to read property "FirstName" on null', 'C:\\laragon\\www\\backend\\app\\Controllers\\UserController.php', 46)
 2 SYSTEMPATH\CodeIgniter.php(942): App\Controllers\UserController->register()
 3 SYSTEMPATH\CodeIgniter.php(502): CodeIgniter\CodeIgniter->runController(Object(App\Controllers\UserController))
 4 SYSTEMPATH\CodeIgniter.php(361): CodeIgniter\CodeIgniter->handleRequest(null, Object(Config\Cache), false)
 5 FCPATH\index.php(86): CodeIgniter\CodeIgniter->run()
CRITICAL - 2023-11-11 16:18:07 --> Attempt to read property "FirstName" on null
in APPPATH\Controllers\UserController.php on line 46.
 1 APPPATH\Controllers\UserController.php(46): CodeIgniter\Debug\Exceptions->errorHandler(2, 'Attempt to read property "FirstName" on null', 'C:\\laragon\\www\\backend\\app\\Controllers\\UserController.php', 46)
 2 SYSTEMPATH\CodeIgniter.php(942): App\Controllers\UserController->register()
 3 SYSTEMPATH\CodeIgniter.php(502): CodeIgniter\CodeIgniter->runController(Object(App\Controllers\UserController))
 4 SYSTEMPATH\CodeIgniter.php(361): CodeIgniter\CodeIgniter->handleRequest(null, Object(Config\Cache), false)
 5 FCPATH\index.php(86): CodeIgniter\CodeIgniter->run()
CRITICAL - 2023-11-11 16:20:00 --> Attempt to read property "FirstName" on null
in APPPATH\Controllers\UserController.php on line 46.
 1 APPPATH\Controllers\UserController.php(46): CodeIgniter\Debug\Exceptions->errorHandler(2, 'Attempt to read property "FirstName" on null', 'C:\\laragon\\www\\backend\\app\\Controllers\\UserController.php', 46)
 2 SYSTEMPATH\CodeIgniter.php(942): App\Controllers\UserController->register()
 3 SYSTEMPATH\CodeIgniter.php(502): CodeIgniter\CodeIgniter->runController(Object(App\Controllers\UserController))
 4 SYSTEMPATH\CodeIgniter.php(361): CodeIgniter\CodeIgniter->handleRequest(null, Object(Config\Cache), false)
 5 FCPATH\index.php(86): CodeIgniter\CodeIgniter->run()
CRITICAL - 2023-11-11 16:25:49 --> Undefined property: stdClass::$UserId
in APPPATH\Controllers\UserController.php on line 69.
 1 APPPATH\Controllers\UserController.php(69): CodeIgniter\Debug\Exceptions->errorHandler(2, 'Undefined property: stdClass::$UserId', 'C:\\laragon\\www\\backend\\app\\Controllers\\UserController.php', 69)
 2 SYSTEMPATH\CodeIgniter.php(942): App\Controllers\UserController->deleteUser()
 3 SYSTEMPATH\CodeIgniter.php(502): CodeIgniter\CodeIgniter->runController(Object(App\Controllers\UserController))
 4 SYSTEMPATH\CodeIgniter.php(361): CodeIgniter\CodeIgniter->handleRequest(null, Object(Config\Cache), false)
 5 FCPATH\index.php(86): CodeIgniter\CodeIgniter->run()
CRITICAL - 2023-11-11 16:27:27 --> Undefined property: stdClass::$UserId
in APPPATH\Controllers\UserController.php on line 69.
 1 APPPATH\Controllers\UserController.php(69): CodeIgniter\Debug\Exceptions->errorHandler(2, 'Undefined property: stdClass::$UserId', 'C:\\laragon\\www\\backend\\app\\Controllers\\UserController.php', 69)
 2 SYSTEMPATH\CodeIgniter.php(942): App\Controllers\UserController->deleteUser()
 3 SYSTEMPATH\CodeIgniter.php(502): CodeIgniter\CodeIgniter->runController(Object(App\Controllers\UserController))
 4 SYSTEMPATH\CodeIgniter.php(361): CodeIgniter\CodeIgniter->handleRequest(null, Object(Config\Cache), false)
 5 FCPATH\index.php(86): CodeIgniter\CodeIgniter->run()
