CRITICAL - 2023-11-24 00:54:32 --> Attempt to read property "UserId" on array
in APPPATH\Controllers\AgentController.php on line 64.
 1 APPPATH\Controllers\AgentController.php(64): CodeIgniter\Debug\Exceptions->errorHandler(2, 'Attempt to read property "UserId" on array', 'C:\\laragon\\www\\backend\\app\\Controllers\\AgentController.php', 64)
 2 SYSTEMPATH\CodeIgniter.php(942): App\Controllers\AgentController->insertPayment()
 3 SYSTEMPATH\CodeIgniter.php(502): CodeIgniter\CodeIgniter->runController(Object(App\Controllers\AgentController))
 4 SYSTEMPATH\CodeIgniter.php(361): CodeIgniter\CodeIgniter->handleRequest(null, Object(Config\Cache), false)
 5 FCPATH\index.php(86): CodeIgniter\CodeIgniter->run()
CRITICAL - 2023-11-24 00:57:26 --> Attempt to read property "UserId" on array
in APPPATH\Controllers\AgentController.php on line 64.
 1 APPPATH\Controllers\AgentController.php(64): CodeIgniter\Debug\Exceptions->errorHandler(2, 'Attempt to read property "UserId" on array', 'C:\\laragon\\www\\backend\\app\\Controllers\\AgentController.php', 64)
 2 SYSTEMPATH\CodeIgniter.php(942): App\Controllers\AgentController->insertPayment()
 3 SYSTEMPATH\CodeIgniter.php(502): CodeIgniter\CodeIgniter->runController(Object(App\Controllers\AgentController))
 4 SYSTEMPATH\CodeIgniter.php(361): CodeIgniter\CodeIgniter->handleRequest(null, Object(Config\Cache), false)
 5 FCPATH\index.php(86): CodeIgniter\CodeIgniter->run()
CRITICAL - 2023-11-24 00:59:41 --> Attempt to read property "UserId" on array
in APPPATH\Controllers\AgentController.php on line 64.
 1 APPPATH\Controllers\AgentController.php(64): CodeIgniter\Debug\Exceptions->errorHandler(2, 'Attempt to read property "UserId" on array', 'C:\\laragon\\www\\backend\\app\\Controllers\\AgentController.php', 64)
 2 SYSTEMPATH\CodeIgniter.php(942): App\Controllers\AgentController->insertPayment()
 3 SYSTEMPATH\CodeIgniter.php(502): CodeIgniter\CodeIgniter->runController(Object(App\Controllers\AgentController))
 4 SYSTEMPATH\CodeIgniter.php(361): CodeIgniter\CodeIgniter->handleRequest(null, Object(Config\Cache), false)
 5 FCPATH\index.php(86): CodeIgniter\CodeIgniter->run()
CRITICAL - 2023-11-24 01:01:03 --> Attempt to read property "UserId" on array
in APPPATH\Controllers\AgentController.php on line 64.
 1 APPPATH\Controllers\AgentController.php(64): CodeIgniter\Debug\Exceptions->errorHandler(2, 'Attempt to read property "UserId" on array', 'C:\\laragon\\www\\backend\\app\\Controllers\\AgentController.php', 64)
 2 SYSTEMPATH\CodeIgniter.php(942): App\Controllers\AgentController->insertPayment()
 3 SYSTEMPATH\CodeIgniter.php(502): CodeIgniter\CodeIgniter->runController(Object(App\Controllers\AgentController))
 4 SYSTEMPATH\CodeIgniter.php(361): CodeIgniter\CodeIgniter->handleRequest(null, Object(Config\Cache), false)
 5 FCPATH\index.php(86): CodeIgniter\CodeIgniter->run()
CRITICAL - 2023-11-24 01:01:24 --> Attempt to read property "UserId" on array
in APPPATH\Controllers\AgentController.php on line 64.
 1 APPPATH\Controllers\AgentController.php(64): CodeIgniter\Debug\Exceptions->errorHandler(2, 'Attempt to read property "UserId" on array', 'C:\\laragon\\www\\backend\\app\\Controllers\\AgentController.php', 64)
 2 SYSTEMPATH\CodeIgniter.php(942): App\Controllers\AgentController->insertPayment()
 3 SYSTEMPATH\CodeIgniter.php(502): CodeIgniter\CodeIgniter->runController(Object(App\Controllers\AgentController))
 4 SYSTEMPATH\CodeIgniter.php(361): CodeIgniter\CodeIgniter->handleRequest(null, Object(Config\Cache), false)
 5 FCPATH\index.php(86): CodeIgniter\CodeIgniter->run()
CRITICAL - 2023-11-24 01:02:56 --> Attempt to read property "UserId" on array
in APPPATH\Controllers\AgentController.php on line 59.
 1 APPPATH\Controllers\AgentController.php(59): CodeIgniter\Debug\Exceptions->errorHandler(2, 'Attempt to read property "UserId" on array', 'C:\\laragon\\www\\backend\\app\\Controllers\\AgentController.php', 59)
 2 SYSTEMPATH\CodeIgniter.php(942): App\Controllers\AgentController->insertPayment()
 3 SYSTEMPATH\CodeIgniter.php(502): CodeIgniter\CodeIgniter->runController(Object(App\Controllers\AgentController))
 4 SYSTEMPATH\CodeIgniter.php(361): CodeIgniter\CodeIgniter->handleRequest(null, Object(Config\Cache), false)
 5 FCPATH\index.php(86): CodeIgniter\CodeIgniter->run()
