CRITICAL - 2023-12-08 01:23:52 --> Call to undefined method App\Models\Chat::getAllMessages
in SYSTEMPATH\Model.php on line 873.
 1 APPPATH\Controllers\ChatController.php(44): CodeIgniter\Model->__call('getAllMessages', [])
 2 SYSTEMPATH\CodeIgniter.php(942): App\Controllers\ChatController->getmessage()
 3 SYSTEMPATH\CodeIgniter.php(502): CodeIgniter\CodeIgniter->runController(Object(App\Controllers\ChatController))
 4 SYSTEMPATH\CodeIgniter.php(361): CodeIgniter\CodeIgniter->handleRequest(null, Object(Config\Cache), false)
 5 FCPATH\index.php(86): CodeIgniter\CodeIgniter->run()
ERROR - 2023-12-08 01:25:05 --> mysqli_sql_exception: Unknown table 'rc' in C:\laragon\www\backend\system\Database\MySQLi\Connection.php:306
Stack trace:
#0 C:\laragon\www\backend\system\Database\MySQLi\Connection.php(306): mysqli->query('SELECT `rc`.*\nF...', 0)
#1 C:\laragon\www\backend\system\Database\BaseConnection.php(693): CodeIgniter\Database\MySQLi\Connection->execute('SELECT `rc`.*\nF...')
#2 C:\laragon\www\backend\system\Database\BaseConnection.php(607): CodeIgniter\Database\BaseConnection->simpleQuery('SELECT `rc`.*\nF...')
#3 C:\laragon\www\backend\system\Database\BaseBuilder.php(1615): CodeIgniter\Database\BaseConnection->query('SELECT `rc`.*\nF...', Array, false)
#4 C:\laragon\www\backend\app\Controllers\ChatController.php(50): CodeIgniter\Database\BaseBuilder->get()
#5 C:\laragon\www\backend\system\CodeIgniter.php(942): App\Controllers\ChatController->getmessage()
#6 C:\laragon\www\backend\system\CodeIgniter.php(502): CodeIgniter\CodeIgniter->runController(Object(App\Controllers\ChatController))
#7 C:\laragon\www\backend\system\CodeIgniter.php(361): CodeIgniter\CodeIgniter->handleRequest(NULL, Object(Config\Cache), false)
#8 C:\laragon\www\backend\public\index.php(86): CodeIgniter\CodeIgniter->run()
#9 {main}
CRITICAL - 2023-12-08 01:25:05 --> Unknown table 'rc'
in SYSTEMPATH\Database\BaseConnection.php on line 647.
 1 SYSTEMPATH\Database\BaseBuilder.php(1615): CodeIgniter\Database\BaseConnection->query('SELECT `rc`.*
FROM `realtimechat`
JOIN `users` `u` ON `rc`.`UserId` = `u`.`UserId`
WHERE `u`.`Role` = :u.Role:', [...], false)
 2 APPPATH\Controllers\ChatController.php(50): CodeIgniter\Database\BaseBuilder->get()
 3 SYSTEMPATH\CodeIgniter.php(942): App\Controllers\ChatController->getmessage()
 4 SYSTEMPATH\CodeIgniter.php(502): CodeIgniter\CodeIgniter->runController(Object(App\Controllers\ChatController))
 5 SYSTEMPATH\CodeIgniter.php(361): CodeIgniter\CodeIgniter->handleRequest(null, Object(Config\Cache), false)
 6 FCPATH\index.php(86): CodeIgniter\CodeIgniter->run()
ERROR - 2023-12-08 01:31:41 --> mysqli_sql_exception: Unknown column 'PlanHolder' in 'where clause' in C:\laragon\www\backend\system\Database\MySQLi\Connection.php:306
Stack trace:
#0 C:\laragon\www\backend\system\Database\MySQLi\Connection.php(306): mysqli->query('SELECT `realtim...', 0)
#1 C:\laragon\www\backend\system\Database\BaseConnection.php(693): CodeIgniter\Database\MySQLi\Connection->execute('SELECT `realtim...')
#2 C:\laragon\www\backend\system\Database\BaseConnection.php(607): CodeIgniter\Database\BaseConnection->simpleQuery('SELECT `realtim...')
#3 C:\laragon\www\backend\system\Database\BaseBuilder.php(1615): CodeIgniter\Database\BaseConnection->query('SELECT `realtim...', Array, false)
#4 C:\laragon\www\backend\system\Model.php(237): CodeIgniter\Database\BaseBuilder->get()
#5 C:\laragon\www\backend\system\BaseModel.php(624): CodeIgniter\Model->doFindAll(0, 0)
#6 C:\laragon\www\backend\app\Controllers\ChatController.php(47): CodeIgniter\BaseModel->findAll()
#7 C:\laragon\www\backend\system\CodeIgniter.php(942): App\Controllers\ChatController->getmessage()
#8 C:\laragon\www\backend\system\CodeIgniter.php(502): CodeIgniter\CodeIgniter->runController(Object(App\Controllers\ChatController))
#9 C:\laragon\www\backend\system\CodeIgniter.php(361): CodeIgniter\CodeIgniter->handleRequest(NULL, Object(Config\Cache), false)
#10 C:\laragon\www\backend\public\index.php(86): CodeIgniter\CodeIgniter->run()
#11 {main}
CRITICAL - 2023-12-08 01:31:41 --> Unknown column 'PlanHolder' in 'where clause'
in SYSTEMPATH\Database\BaseConnection.php on line 647.
 1 SYSTEMPATH\Database\BaseBuilder.php(1615): CodeIgniter\Database\BaseConnection->query('SELECT `realtimechat`.`ChatId`, `realtimechat`.`UserId`, `realtimechat`.`Message`, `users`.`UserId`, `users`.`Role`
FROM `realtimechat`
JOIN `users` ON `realtimechat`.`UserId` = `users`.`UserId`
WHERE `users`.`Role` = PlanHolder', [], false)
 2 SYSTEMPATH\Model.php(237): CodeIgniter\Database\BaseBuilder->get()
 3 SYSTEMPATH\BaseModel.php(624): CodeIgniter\Model->doFindAll(0, 0)
 4 APPPATH\Controllers\ChatController.php(47): CodeIgniter\BaseModel->findAll()
 5 SYSTEMPATH\CodeIgniter.php(942): App\Controllers\ChatController->getmessage()
 6 SYSTEMPATH\CodeIgniter.php(502): CodeIgniter\CodeIgniter->runController(Object(App\Controllers\ChatController))
 7 SYSTEMPATH\CodeIgniter.php(361): CodeIgniter\CodeIgniter->handleRequest(null, Object(Config\Cache), false)
 8 FCPATH\index.php(86): CodeIgniter\CodeIgniter->run()
CRITICAL - 2023-12-08 09:58:10 --> Attempt to read property "Email" on null
in APPPATH\Controllers\ChatController.php on line 81.
 1 APPPATH\Controllers\ChatController.php(81): CodeIgniter\Debug\Exceptions->errorHandler(2, 'Attempt to read property "Email" on null', 'C:\\laragon\\www\\backend\\app\\Controllers\\ChatController.php', 81)
 2 SYSTEMPATH\CodeIgniter.php(942): App\Controllers\ChatController->messageForAdmin()
 3 SYSTEMPATH\CodeIgniter.php(502): CodeIgniter\CodeIgniter->runController(Object(App\Controllers\ChatController))
 4 SYSTEMPATH\CodeIgniter.php(361): CodeIgniter\CodeIgniter->handleRequest(null, Object(Config\Cache), false)
 5 FCPATH\index.php(86): CodeIgniter\CodeIgniter->run()
ERROR - 2023-12-08 13:11:53 --> mysqli_sql_exception: Unknown column 'FirstName' in 'field list' in C:\laragon\www\backend\system\Database\MySQLi\Connection.php:306
Stack trace:
#0 C:\laragon\www\backend\system\Database\MySQLi\Connection.php(306): mysqli->query('SELECT `UserId`...', 0)
#1 C:\laragon\www\backend\system\Database\BaseConnection.php(693): CodeIgniter\Database\MySQLi\Connection->execute('SELECT `UserId`...')
#2 C:\laragon\www\backend\system\Database\BaseConnection.php(607): CodeIgniter\Database\BaseConnection->simpleQuery('SELECT `UserId`...')
#3 C:\laragon\www\backend\system\Database\BaseBuilder.php(1615): CodeIgniter\Database\BaseConnection->query('SELECT `UserId`...', Array, false)
#4 C:\laragon\www\backend\system\Model.php(237): CodeIgniter\Database\BaseBuilder->get()
#5 C:\laragon\www\backend\system\BaseModel.php(624): CodeIgniter\Model->doFindAll(0, 0)
#6 C:\laragon\www\backend\app\Controllers\Announcement.php(31): CodeIgniter\BaseModel->findAll()
#7 C:\laragon\www\backend\system\CodeIgniter.php(942): App\Controllers\Announcement->announcement()
#8 C:\laragon\www\backend\system\CodeIgniter.php(502): CodeIgniter\CodeIgniter->runController(Object(App\Controllers\Announcement))
#9 C:\laragon\www\backend\system\CodeIgniter.php(361): CodeIgniter\CodeIgniter->handleRequest(NULL, Object(Config\Cache), false)
#10 C:\laragon\www\backend\public\index.php(86): CodeIgniter\CodeIgniter->run()
#11 {main}
CRITICAL - 2023-12-08 13:11:53 --> Unknown column 'FirstName' in 'field list'
in SYSTEMPATH\Database\BaseConnection.php on line 647.
 1 SYSTEMPATH\Database\BaseBuilder.php(1615): CodeIgniter\Database\BaseConnection->query('SELECT `UserId`, `FirstName`, `MiddleName`, `LastName`, `Address`, `ContactNumber`, `Role`
FROM `announcement`
WHERE `Role` = :Role:', [...], false)
 2 SYSTEMPATH\Model.php(237): CodeIgniter\Database\BaseBuilder->get()
 3 SYSTEMPATH\BaseModel.php(624): CodeIgniter\Model->doFindAll(0, 0)
 4 APPPATH\Controllers\Announcement.php(31): CodeIgniter\BaseModel->findAll()
 5 SYSTEMPATH\CodeIgniter.php(942): App\Controllers\Announcement->announcement()
 6 SYSTEMPATH\CodeIgniter.php(502): CodeIgniter\CodeIgniter->runController(Object(App\Controllers\Announcement))
 7 SYSTEMPATH\CodeIgniter.php(361): CodeIgniter\CodeIgniter->handleRequest(null, Object(Config\Cache), false)
 8 FCPATH\index.php(86): CodeIgniter\CodeIgniter->run()
CRITICAL - 2023-12-08 13:19:56 --> Attempt to read property "UseId" on null
in APPPATH\Controllers\Announcement.php on line 36.
 1 APPPATH\Controllers\Announcement.php(36): CodeIgniter\Debug\Exceptions->errorHandler(2, 'Attempt to read property "UseId" on null', 'C:\\laragon\\www\\backend\\app\\Controllers\\Announcement.php', 36)
 2 SYSTEMPATH\CodeIgniter.php(942): App\Controllers\Announcement->postannouncement()
 3 SYSTEMPATH\CodeIgniter.php(502): CodeIgniter\CodeIgniter->runController(Object(App\Controllers\Announcement))
 4 SYSTEMPATH\CodeIgniter.php(361): CodeIgniter\CodeIgniter->handleRequest(null, Object(Config\Cache), false)
 5 FCPATH\index.php(86): CodeIgniter\CodeIgniter->run()
CRITICAL - 2023-12-08 13:21:26 --> Undefined property: stdClass::$UseId
in APPPATH\Controllers\Announcement.php on line 36.
 1 APPPATH\Controllers\Announcement.php(36): CodeIgniter\Debug\Exceptions->errorHandler(2, 'Undefined property: stdClass::$UseId', 'C:\\laragon\\www\\backend\\app\\Controllers\\Announcement.php', 36)
 2 SYSTEMPATH\CodeIgniter.php(942): App\Controllers\Announcement->postannouncement()
 3 SYSTEMPATH\CodeIgniter.php(502): CodeIgniter\CodeIgniter->runController(Object(App\Controllers\Announcement))
 4 SYSTEMPATH\CodeIgniter.php(361): CodeIgniter\CodeIgniter->handleRequest(null, Object(Config\Cache), false)
 5 FCPATH\index.php(86): CodeIgniter\CodeIgniter->run()
CRITICAL - 2023-12-08 13:21:31 --> Attempt to read property "UseId" on null
in APPPATH\Controllers\Announcement.php on line 36.
 1 APPPATH\Controllers\Announcement.php(36): CodeIgniter\Debug\Exceptions->errorHandler(2, 'Attempt to read property "UseId" on null', 'C:\\laragon\\www\\backend\\app\\Controllers\\Announcement.php', 36)
 2 SYSTEMPATH\CodeIgniter.php(942): App\Controllers\Announcement->postannouncement()
 3 SYSTEMPATH\CodeIgniter.php(502): CodeIgniter\CodeIgniter->runController(Object(App\Controllers\Announcement))
 4 SYSTEMPATH\CodeIgniter.php(361): CodeIgniter\CodeIgniter->handleRequest(null, Object(Config\Cache), false)
 5 FCPATH\index.php(86): CodeIgniter\CodeIgniter->run()
CRITICAL - 2023-12-08 13:21:46 --> Attempt to read property "UserId" on null
in APPPATH\Controllers\Announcement.php on line 36.
 1 APPPATH\Controllers\Announcement.php(36): CodeIgniter\Debug\Exceptions->errorHandler(2, 'Attempt to read property "UserId" on null', 'C:\\laragon\\www\\backend\\app\\Controllers\\Announcement.php', 36)
 2 SYSTEMPATH\CodeIgniter.php(942): App\Controllers\Announcement->postannouncement()
 3 SYSTEMPATH\CodeIgniter.php(502): CodeIgniter\CodeIgniter->runController(Object(App\Controllers\Announcement))
 4 SYSTEMPATH\CodeIgniter.php(361): CodeIgniter\CodeIgniter->handleRequest(null, Object(Config\Cache), false)
 5 FCPATH\index.php(86): CodeIgniter\CodeIgniter->run()
CRITICAL - 2023-12-08 13:24:30 --> Attempt to read property "UserId" on null
in APPPATH\Controllers\Announcement.php on line 36.
 1 APPPATH\Controllers\Announcement.php(36): CodeIgniter\Debug\Exceptions->errorHandler(2, 'Attempt to read property "UserId" on null', 'C:\\laragon\\www\\backend\\app\\Controllers\\Announcement.php', 36)
 2 SYSTEMPATH\CodeIgniter.php(942): App\Controllers\Announcement->postannouncement()
 3 SYSTEMPATH\CodeIgniter.php(502): CodeIgniter\CodeIgniter->runController(Object(App\Controllers\Announcement))
 4 SYSTEMPATH\CodeIgniter.php(361): CodeIgniter\CodeIgniter->handleRequest(null, Object(Config\Cache), false)
 5 FCPATH\index.php(86): CodeIgniter\CodeIgniter->run()
CRITICAL - 2023-12-08 13:29:06 --> Attempt to read property "UserId" on null
in APPPATH\Controllers\Announcement.php on line 36.
 1 APPPATH\Controllers\Announcement.php(36): CodeIgniter\Debug\Exceptions->errorHandler(2, 'Attempt to read property "UserId" on null', 'C:\\laragon\\www\\backend\\app\\Controllers\\Announcement.php', 36)
 2 SYSTEMPATH\CodeIgniter.php(942): App\Controllers\Announcement->postannouncement()
 3 SYSTEMPATH\CodeIgniter.php(502): CodeIgniter\CodeIgniter->runController(Object(App\Controllers\Announcement))
 4 SYSTEMPATH\CodeIgniter.php(361): CodeIgniter\CodeIgniter->handleRequest(null, Object(Config\Cache), false)
 5 FCPATH\index.php(86): CodeIgniter\CodeIgniter->run()
CRITICAL - 2023-12-08 13:29:45 --> Attempt to read property "UserId" on null
in APPPATH\Controllers\Announcement.php on line 36.
 1 APPPATH\Controllers\Announcement.php(36): CodeIgniter\Debug\Exceptions->errorHandler(2, 'Attempt to read property "UserId" on null', 'C:\\laragon\\www\\backend\\app\\Controllers\\Announcement.php', 36)
 2 SYSTEMPATH\CodeIgniter.php(942): App\Controllers\Announcement->postannouncement()
 3 SYSTEMPATH\CodeIgniter.php(502): CodeIgniter\CodeIgniter->runController(Object(App\Controllers\Announcement))
 4 SYSTEMPATH\CodeIgniter.php(361): CodeIgniter\CodeIgniter->handleRequest(null, Object(Config\Cache), false)
 5 FCPATH\index.php(86): CodeIgniter\CodeIgniter->run()
CRITICAL - 2023-12-08 13:30:00 --> Attempt to read property "Message" on null
in APPPATH\Controllers\Announcement.php on line 36.
 1 APPPATH\Controllers\Announcement.php(36): CodeIgniter\Debug\Exceptions->errorHandler(2, 'Attempt to read property "Message" on null', 'C:\\laragon\\www\\backend\\app\\Controllers\\Announcement.php', 36)
 2 SYSTEMPATH\CodeIgniter.php(942): App\Controllers\Announcement->postannouncement()
 3 SYSTEMPATH\CodeIgniter.php(502): CodeIgniter\CodeIgniter->runController(Object(App\Controllers\Announcement))
 4 SYSTEMPATH\CodeIgniter.php(361): CodeIgniter\CodeIgniter->handleRequest(null, Object(Config\Cache), false)
 5 FCPATH\index.php(86): CodeIgniter\CodeIgniter->run()
CRITICAL - 2023-12-08 13:33:08 --> Call to undefined method App\Controllers\Announcement::respondServerError()
in APPPATH\Controllers\Announcement.php on line 58.
 1 SYSTEMPATH\CodeIgniter.php(942): App\Controllers\Announcement->postannouncement()
 2 SYSTEMPATH\CodeIgniter.php(502): CodeIgniter\CodeIgniter->runController(Object(App\Controllers\Announcement))
 3 SYSTEMPATH\CodeIgniter.php(361): CodeIgniter\CodeIgniter->handleRequest(null, Object(Config\Cache), false)
 4 FCPATH\index.php(86): CodeIgniter\CodeIgniter->run()
