CRITICAL - 2023-12-07 23:37:26 --> Undefined array key "LastName, FirstName"
in APPPATH\Controllers\UserController.php on line 217.
 1 APPPATH\Controllers\UserController.php(217): CodeIgniter\Debug\Exceptions->errorHandler(2, 'Undefined array key "LastName, FirstName"', 'C:\\laragon\\www\\backend\\app\\Controllers\\UserController.php', 217)
 2 SYSTEMPATH\CodeIgniter.php(942): App\Controllers\UserController->loginAuth()
 3 SYSTEMPATH\CodeIgniter.php(502): CodeIgniter\CodeIgniter->runController(Object(App\Controllers\UserController))
 4 SYSTEMPATH\CodeIgniter.php(361): CodeIgniter\CodeIgniter->handleRequest(null, Object(Config\Cache), false)
 5 FCPATH\index.php(86): CodeIgniter\CodeIgniter->run()
CRITICAL - 2023-12-07 23:37:32 --> Undefined array key "LastName, FirstName"
in APPPATH\Controllers\UserController.php on line 217.
 1 APPPATH\Controllers\UserController.php(217): CodeIgniter\Debug\Exceptions->errorHandler(2, 'Undefined array key "LastName, FirstName"', 'C:\\laragon\\www\\backend\\app\\Controllers\\UserController.php', 217)
 2 SYSTEMPATH\CodeIgniter.php(942): App\Controllers\UserController->loginAuth()
 3 SYSTEMPATH\CodeIgniter.php(502): CodeIgniter\CodeIgniter->runController(Object(App\Controllers\UserController))
 4 SYSTEMPATH\CodeIgniter.php(361): CodeIgniter\CodeIgniter->handleRequest(null, Object(Config\Cache), false)
 5 FCPATH\index.php(86): CodeIgniter\CodeIgniter->run()
CRITICAL - 2023-12-07 23:37:52 --> Undefined array key "LastName, FirstName"
in APPPATH\Controllers\UserController.php on line 217.
 1 APPPATH\Controllers\UserController.php(217): CodeIgniter\Debug\Exceptions->errorHandler(2, 'Undefined array key "LastName, FirstName"', 'C:\\laragon\\www\\backend\\app\\Controllers\\UserController.php', 217)
 2 SYSTEMPATH\CodeIgniter.php(942): App\Controllers\UserController->loginAuth()
 3 SYSTEMPATH\CodeIgniter.php(502): CodeIgniter\CodeIgniter->runController(Object(App\Controllers\UserController))
 4 SYSTEMPATH\CodeIgniter.php(361): CodeIgniter\CodeIgniter->handleRequest(null, Object(Config\Cache), false)
 5 FCPATH\index.php(86): CodeIgniter\CodeIgniter->run()
CRITICAL - 2023-12-07 23:42:15 --> Undefined array key "LastName, FirstName"
in APPPATH\Controllers\UserController.php on line 217.
 1 APPPATH\Controllers\UserController.php(217): CodeIgniter\Debug\Exceptions->errorHandler(2, 'Undefined array key "LastName, FirstName"', 'C:\\laragon\\www\\backend\\app\\Controllers\\UserController.php', 217)
 2 SYSTEMPATH\CodeIgniter.php(942): App\Controllers\UserController->loginAuth()
 3 SYSTEMPATH\CodeIgniter.php(502): CodeIgniter\CodeIgniter->runController(Object(App\Controllers\UserController))
 4 SYSTEMPATH\CodeIgniter.php(361): CodeIgniter\CodeIgniter->handleRequest(null, Object(Config\Cache), false)
 5 FCPATH\index.php(86): CodeIgniter\CodeIgniter->run()
CRITICAL - 2023-12-07 23:42:17 --> Undefined array key "LastName, FirstName"
in APPPATH\Controllers\UserController.php on line 217.
 1 APPPATH\Controllers\UserController.php(217): CodeIgniter\Debug\Exceptions->errorHandler(2, 'Undefined array key "LastName, FirstName"', 'C:\\laragon\\www\\backend\\app\\Controllers\\UserController.php', 217)
 2 SYSTEMPATH\CodeIgniter.php(942): App\Controllers\UserController->loginAuth()
 3 SYSTEMPATH\CodeIgniter.php(502): CodeIgniter\CodeIgniter->runController(Object(App\Controllers\UserController))
 4 SYSTEMPATH\CodeIgniter.php(361): CodeIgniter\CodeIgniter->handleRequest(null, Object(Config\Cache), false)
 5 FCPATH\index.php(86): CodeIgniter\CodeIgniter->run()
CRITICAL - 2023-12-07 23:42:17 --> Undefined array key "LastName, FirstName"
in APPPATH\Controllers\UserController.php on line 217.
 1 APPPATH\Controllers\UserController.php(217): CodeIgniter\Debug\Exceptions->errorHandler(2, 'Undefined array key "LastName, FirstName"', 'C:\\laragon\\www\\backend\\app\\Controllers\\UserController.php', 217)
 2 SYSTEMPATH\CodeIgniter.php(942): App\Controllers\UserController->loginAuth()
 3 SYSTEMPATH\CodeIgniter.php(502): CodeIgniter\CodeIgniter->runController(Object(App\Controllers\UserController))
 4 SYSTEMPATH\CodeIgniter.php(361): CodeIgniter\CodeIgniter->handleRequest(null, Object(Config\Cache), false)
 5 FCPATH\index.php(86): CodeIgniter\CodeIgniter->run()
CRITICAL - 2023-12-07 23:42:17 --> Undefined array key "LastName, FirstName"
in APPPATH\Controllers\UserController.php on line 217.
 1 APPPATH\Controllers\UserController.php(217): CodeIgniter\Debug\Exceptions->errorHandler(2, 'Undefined array key "LastName, FirstName"', 'C:\\laragon\\www\\backend\\app\\Controllers\\UserController.php', 217)
 2 SYSTEMPATH\CodeIgniter.php(942): App\Controllers\UserController->loginAuth()
 3 SYSTEMPATH\CodeIgniter.php(502): CodeIgniter\CodeIgniter->runController(Object(App\Controllers\UserController))
 4 SYSTEMPATH\CodeIgniter.php(361): CodeIgniter\CodeIgniter->handleRequest(null, Object(Config\Cache), false)
 5 FCPATH\index.php(86): CodeIgniter\CodeIgniter->run()
CRITICAL - 2023-12-07 23:42:26 --> Undefined array key "LastName, FirstName"
in APPPATH\Controllers\UserController.php on line 217.
 1 APPPATH\Controllers\UserController.php(217): CodeIgniter\Debug\Exceptions->errorHandler(2, 'Undefined array key "LastName, FirstName"', 'C:\\laragon\\www\\backend\\app\\Controllers\\UserController.php', 217)
 2 SYSTEMPATH\CodeIgniter.php(942): App\Controllers\UserController->loginAuth()
 3 SYSTEMPATH\CodeIgniter.php(502): CodeIgniter\CodeIgniter->runController(Object(App\Controllers\UserController))
 4 SYSTEMPATH\CodeIgniter.php(361): CodeIgniter\CodeIgniter->handleRequest(null, Object(Config\Cache), false)
 5 FCPATH\index.php(86): CodeIgniter\CodeIgniter->run()
CRITICAL - 2023-12-07 23:44:48 --> Undefined array key "LastName, FirstName"
in APPPATH\Controllers\UserController.php on line 217.
 1 APPPATH\Controllers\UserController.php(217): CodeIgniter\Debug\Exceptions->errorHandler(2, 'Undefined array key "LastName, FirstName"', 'C:\\laragon\\www\\backend\\app\\Controllers\\UserController.php', 217)
 2 SYSTEMPATH\CodeIgniter.php(942): App\Controllers\UserController->loginAuth()
 3 SYSTEMPATH\CodeIgniter.php(502): CodeIgniter\CodeIgniter->runController(Object(App\Controllers\UserController))
 4 SYSTEMPATH\CodeIgniter.php(361): CodeIgniter\CodeIgniter->handleRequest(null, Object(Config\Cache), false)
 5 FCPATH\index.php(86): CodeIgniter\CodeIgniter->run()
CRITICAL - 2023-12-07 23:45:50 --> Undefined array key "LastName, FirstName"
in APPPATH\Controllers\UserController.php on line 217.
 1 APPPATH\Controllers\UserController.php(217): CodeIgniter\Debug\Exceptions->errorHandler(2, 'Undefined array key "LastName, FirstName"', 'C:\\laragon\\www\\backend\\app\\Controllers\\UserController.php', 217)
 2 SYSTEMPATH\CodeIgniter.php(942): App\Controllers\UserController->loginAuth()
 3 SYSTEMPATH\CodeIgniter.php(502): CodeIgniter\CodeIgniter->runController(Object(App\Controllers\UserController))
 4 SYSTEMPATH\CodeIgniter.php(361): CodeIgniter\CodeIgniter->handleRequest(null, Object(Config\Cache), false)
 5 FCPATH\index.php(86): CodeIgniter\CodeIgniter->run()
CRITICAL - 2023-12-07 23:45:52 --> Undefined array key "LastName, FirstName"
in APPPATH\Controllers\UserController.php on line 217.
 1 APPPATH\Controllers\UserController.php(217): CodeIgniter\Debug\Exceptions->errorHandler(2, 'Undefined array key "LastName, FirstName"', 'C:\\laragon\\www\\backend\\app\\Controllers\\UserController.php', 217)
 2 SYSTEMPATH\CodeIgniter.php(942): App\Controllers\UserController->loginAuth()
 3 SYSTEMPATH\CodeIgniter.php(502): CodeIgniter\CodeIgniter->runController(Object(App\Controllers\UserController))
 4 SYSTEMPATH\CodeIgniter.php(361): CodeIgniter\CodeIgniter->handleRequest(null, Object(Config\Cache), false)
 5 FCPATH\index.php(86): CodeIgniter\CodeIgniter->run()
CRITICAL - 2023-12-07 23:45:53 --> Undefined array key "LastName, FirstName"
in APPPATH\Controllers\UserController.php on line 217.
 1 APPPATH\Controllers\UserController.php(217): CodeIgniter\Debug\Exceptions->errorHandler(2, 'Undefined array key "LastName, FirstName"', 'C:\\laragon\\www\\backend\\app\\Controllers\\UserController.php', 217)
 2 SYSTEMPATH\CodeIgniter.php(942): App\Controllers\UserController->loginAuth()
 3 SYSTEMPATH\CodeIgniter.php(502): CodeIgniter\CodeIgniter->runController(Object(App\Controllers\UserController))
 4 SYSTEMPATH\CodeIgniter.php(361): CodeIgniter\CodeIgniter->handleRequest(null, Object(Config\Cache), false)
 5 FCPATH\index.php(86): CodeIgniter\CodeIgniter->run()
CRITICAL - 2023-12-07 23:45:53 --> Undefined array key "LastName, FirstName"
in APPPATH\Controllers\UserController.php on line 217.
 1 APPPATH\Controllers\UserController.php(217): CodeIgniter\Debug\Exceptions->errorHandler(2, 'Undefined array key "LastName, FirstName"', 'C:\\laragon\\www\\backend\\app\\Controllers\\UserController.php', 217)
 2 SYSTEMPATH\CodeIgniter.php(942): App\Controllers\UserController->loginAuth()
 3 SYSTEMPATH\CodeIgniter.php(502): CodeIgniter\CodeIgniter->runController(Object(App\Controllers\UserController))
 4 SYSTEMPATH\CodeIgniter.php(361): CodeIgniter\CodeIgniter->handleRequest(null, Object(Config\Cache), false)
 5 FCPATH\index.php(86): CodeIgniter\CodeIgniter->run()
CRITICAL - 2023-12-07 23:48:07 --> Undefined array key "LastName, FirstName"
in APPPATH\Controllers\UserController.php on line 217.
 1 APPPATH\Controllers\UserController.php(217): CodeIgniter\Debug\Exceptions->errorHandler(2, 'Undefined array key "LastName, FirstName"', 'C:\\laragon\\www\\backend\\app\\Controllers\\UserController.php', 217)
 2 SYSTEMPATH\CodeIgniter.php(942): App\Controllers\UserController->loginAuth()
 3 SYSTEMPATH\CodeIgniter.php(502): CodeIgniter\CodeIgniter->runController(Object(App\Controllers\UserController))
 4 SYSTEMPATH\CodeIgniter.php(361): CodeIgniter\CodeIgniter->handleRequest(null, Object(Config\Cache), false)
 5 FCPATH\index.php(86): CodeIgniter\CodeIgniter->run()
CRITICAL - 2023-12-07 23:48:07 --> Undefined array key "LastName, FirstName"
in APPPATH\Controllers\UserController.php on line 217.
 1 APPPATH\Controllers\UserController.php(217): CodeIgniter\Debug\Exceptions->errorHandler(2, 'Undefined array key "LastName, FirstName"', 'C:\\laragon\\www\\backend\\app\\Controllers\\UserController.php', 217)
 2 SYSTEMPATH\CodeIgniter.php(942): App\Controllers\UserController->loginAuth()
 3 SYSTEMPATH\CodeIgniter.php(502): CodeIgniter\CodeIgniter->runController(Object(App\Controllers\UserController))
 4 SYSTEMPATH\CodeIgniter.php(361): CodeIgniter\CodeIgniter->handleRequest(null, Object(Config\Cache), false)
 5 FCPATH\index.php(86): CodeIgniter\CodeIgniter->run()
