ERROR - 2023-12-06 03:54:53 --> mysqli_sql_exception: Unknown column 'FirstName' in 'field list' in C:\laragon\www\backend\system\Database\MySQLi\Connection.php:306
Stack trace:
#0 C:\laragon\www\backend\system\Database\MySQLi\Connection.php(306): mysqli->query('SELECT `UserId`...', 0)
#1 C:\laragon\www\backend\system\Database\BaseConnection.php(693): CodeIgniter\Database\MySQLi\Connection->execute('SELECT `UserId`...')
#2 C:\laragon\www\backend\system\Database\BaseConnection.php(607): CodeIgniter\Database\BaseConnection->simpleQuery('SELECT `UserId`...')
#3 C:\laragon\www\backend\system\Database\BaseBuilder.php(1615): CodeIgniter\Database\BaseConnection->query('SELECT `UserId`...', Array, false)
#4 C:\laragon\www\backend\system\Model.php(237): CodeIgniter\Database\BaseBuilder->get()
#5 C:\laragon\www\backend\system\BaseModel.php(624): CodeIgniter\Model->doFindAll(0, 0)
#6 C:\laragon\www\backend\app\Controllers\Announcement.php(31): CodeIgniter\BaseModel->findAll()
#7 C:\laragon\www\backend\system\CodeIgniter.php(942): App\Controllers\Announcement->announcement()
#8 C:\laragon\www\backend\system\CodeIgniter.php(502): CodeIgniter\CodeIgniter->runController(Object(App\Controllers\Announcement))
#9 C:\laragon\www\backend\system\CodeIgniter.php(361): CodeIgniter\CodeIgniter->handleRequest(NULL, Object(Config\Cache), false)
#10 C:\laragon\www\backend\public\index.php(86): CodeIgniter\CodeIgniter->run()
#11 {main}
CRITICAL - 2023-12-06 03:54:53 --> Unknown column 'FirstName' in 'field list'
in SYSTEMPATH\Database\BaseConnection.php on line 647.
 1 SYSTEMPATH\Database\BaseBuilder.php(1615): CodeIgniter\Database\BaseConnection->query('SELECT `UserId`, `FirstName`, `MiddleName`, `LastName`, `Address`, `ContactNumber`, `Role`
FROM `announcement`
WHERE `Role` = :Role:', [...], false)
 2 SYSTEMPATH\Model.php(237): CodeIgniter\Database\BaseBuilder->get()
 3 SYSTEMPATH\BaseModel.php(624): CodeIgniter\Model->doFindAll(0, 0)
 4 APPPATH\Controllers\Announcement.php(31): CodeIgniter\BaseModel->findAll()
 5 SYSTEMPATH\CodeIgniter.php(942): App\Controllers\Announcement->announcement()
 6 SYSTEMPATH\CodeIgniter.php(502): CodeIgniter\CodeIgniter->runController(Object(App\Controllers\Announcement))
 7 SYSTEMPATH\CodeIgniter.php(361): CodeIgniter\CodeIgniter->handleRequest(null, Object(Config\Cache), false)
 8 FCPATH\index.php(86): CodeIgniter\CodeIgniter->run()
