CRITICAL - 2023-11-05 08:34:44 --> Undefined property: stdClass::$lastname
in APPPATH\Controllers\MainController.php on line 27.
 1 APPPATH\Controllers\MainController.php(27): CodeIgniter\Debug\Exceptions->errorHandler(2, 'Undefined property: stdClass::$lastname', 'C:\\laragon\\www\\backend\\app\\Controllers\\MainController.php', 27)
 2 SYSTEMPATH\CodeIgniter.php(942): App\Controllers\MainController->save()
 3 SYSTEMPATH\CodeIgniter.php(502): CodeIgniter\CodeIgniter->runController(Object(App\Controllers\MainController))
 4 SYSTEMPATH\CodeIgniter.php(361): CodeIgniter\CodeIgniter->handleRequest(null, Object(Config\Cache), false)
 5 FCPATH\index.php(86): CodeIgniter\CodeIgniter->run()
CRITICAL - 2023-11-05 08:34:51 --> Undefined property: stdClass::$lastname
in APPPATH\Controllers\MainController.php on line 27.
 1 APPPATH\Controllers\MainController.php(27): CodeIgniter\Debug\Exceptions->errorHandler(2, 'Undefined property: stdClass::$lastname', 'C:\\laragon\\www\\backend\\app\\Controllers\\MainController.php', 27)
 2 SYSTEMPATH\CodeIgniter.php(942): App\Controllers\MainController->save()
 3 SYSTEMPATH\CodeIgniter.php(502): CodeIgniter\CodeIgniter->runController(Object(App\Controllers\MainController))
 4 SYSTEMPATH\CodeIgniter.php(361): CodeIgniter\CodeIgniter->handleRequest(null, Object(Config\Cache), false)
 5 FCPATH\index.php(86): CodeIgniter\CodeIgniter->run()
CRITICAL - 2023-11-05 08:36:59 --> Undefined property: stdClass::$lastname
in APPPATH\Controllers\MainController.php on line 27.
 1 APPPATH\Controllers\MainController.php(27): CodeIgniter\Debug\Exceptions->errorHandler(2, 'Undefined property: stdClass::$lastname', 'C:\\laragon\\www\\backend\\app\\Controllers\\MainController.php', 27)
 2 SYSTEMPATH\CodeIgniter.php(942): App\Controllers\MainController->save()
 3 SYSTEMPATH\CodeIgniter.php(502): CodeIgniter\CodeIgniter->runController(Object(App\Controllers\MainController))
 4 SYSTEMPATH\CodeIgniter.php(361): CodeIgniter\CodeIgniter->handleRequest(null, Object(Config\Cache), false)
 5 FCPATH\index.php(86): CodeIgniter\CodeIgniter->run()
CRITICAL - 2023-11-05 11:57:06 --> Call to undefined method App\Models\UserModel::register
in SYSTEMPATH\Model.php on line 873.
 1 APPPATH\Controllers\UserController.php(25): CodeIgniter\Model->__call('register', [...])
 2 SYSTEMPATH\CodeIgniter.php(942): App\Controllers\UserController->register()
 3 SYSTEMPATH\CodeIgniter.php(502): CodeIgniter\CodeIgniter->runController(Object(App\Controllers\UserController))
 4 SYSTEMPATH\CodeIgniter.php(361): CodeIgniter\CodeIgniter->handleRequest(null, Object(Config\Cache), false)
 5 FCPATH\index.php(86): CodeIgniter\CodeIgniter->run()
CRITICAL - 2023-11-05 11:59:06 --> Call to undefined method App\Models\UserModel::register
in SYSTEMPATH\Model.php on line 873.
 1 APPPATH\Controllers\UserController.php(25): CodeIgniter\Model->__call('register', [...])
 2 SYSTEMPATH\CodeIgniter.php(942): App\Controllers\UserController->register()
 3 SYSTEMPATH\CodeIgniter.php(502): CodeIgniter\CodeIgniter->runController(Object(App\Controllers\UserController))
 4 SYSTEMPATH\CodeIgniter.php(361): CodeIgniter\CodeIgniter->handleRequest(null, Object(Config\Cache), false)
 5 FCPATH\index.php(86): CodeIgniter\CodeIgniter->run()
CRITICAL - 2023-11-05 12:00:06 --> Call to undefined method App\Models\UserModel::register
in SYSTEMPATH\Model.php on line 873.
 1 APPPATH\Controllers\UserController.php(25): CodeIgniter\Model->__call('register', [...])
 2 SYSTEMPATH\CodeIgniter.php(942): App\Controllers\UserController->register()
 3 SYSTEMPATH\CodeIgniter.php(502): CodeIgniter\CodeIgniter->runController(Object(App\Controllers\UserController))
 4 SYSTEMPATH\CodeIgniter.php(361): CodeIgniter\CodeIgniter->handleRequest(null, Object(Config\Cache), false)
 5 FCPATH\index.php(86): CodeIgniter\CodeIgniter->run()
CRITICAL - 2023-11-05 12:00:15 --> Call to undefined method App\Models\UserModel::register
in SYSTEMPATH\Model.php on line 873.
 1 APPPATH\Controllers\UserController.php(25): CodeIgniter\Model->__call('register', [...])
 2 SYSTEMPATH\CodeIgniter.php(942): App\Controllers\UserController->register()
 3 SYSTEMPATH\CodeIgniter.php(502): CodeIgniter\CodeIgniter->runController(Object(App\Controllers\UserController))
 4 SYSTEMPATH\CodeIgniter.php(361): CodeIgniter\CodeIgniter->handleRequest(null, Object(Config\Cache), false)
 5 FCPATH\index.php(86): CodeIgniter\CodeIgniter->run()
