CRITICAL - 2023-11-07 01:32:26 --> Attempt to read property "Username" on null
in APPPATH\Controllers\UserController.php on line 32.
 1 APPPATH\Controllers\UserController.php(32): CodeIgniter\Debug\Exceptions->errorHandler(2, 'Attempt to read property "Username" on null', 'C:\\laragon\\www\\backend\\app\\Controllers\\UserController.php', 32)
 2 SYSTEMPATH\CodeIgniter.php(942): App\Controllers\UserController->register()
 3 SYSTEMPATH\CodeIgniter.php(502): CodeIgniter\CodeIgniter->runController(Object(App\Controllers\UserController))
 4 SYSTEMPATH\CodeIgniter.php(361): CodeIgniter\CodeIgniter->handleRequest(null, Object(Config\Cache), false)
 5 FCPATH\index.php(86): CodeIgniter\CodeIgniter->run()
CRITICAL - 2023-11-07 01:32:47 --> Attempt to read property "Username" on null
in APPPATH\Controllers\UserController.php on line 32.
 1 APPPATH\Controllers\UserController.php(32): CodeIgniter\Debug\Exceptions->errorHandler(2, 'Attempt to read property "Username" on null', 'C:\\laragon\\www\\backend\\app\\Controllers\\UserController.php', 32)
 2 SYSTEMPATH\CodeIgniter.php(942): App\Controllers\UserController->register()
 3 SYSTEMPATH\CodeIgniter.php(502): CodeIgniter\CodeIgniter->runController(Object(App\Controllers\UserController))
 4 SYSTEMPATH\CodeIgniter.php(361): CodeIgniter\CodeIgniter->handleRequest(null, Object(Config\Cache), false)
 5 FCPATH\index.php(86): CodeIgniter\CodeIgniter->run()
ERROR - 2023-11-07 01:38:00 --> mysqli_sql_exception: Table 'funeralhomes.info' doesn't exist in C:\laragon\www\backend\system\Database\MySQLi\Connection.php:306
Stack trace:
#0 C:\laragon\www\backend\system\Database\MySQLi\Connection.php(306): mysqli->query('SELECT *\nFROM `...', 0)
#1 C:\laragon\www\backend\system\Database\BaseConnection.php(693): CodeIgniter\Database\MySQLi\Connection->execute('SELECT *\nFROM `...')
#2 C:\laragon\www\backend\system\Database\BaseConnection.php(607): CodeIgniter\Database\BaseConnection->simpleQuery('SELECT *\nFROM `...')
#3 C:\laragon\www\backend\system\Database\BaseBuilder.php(1615): CodeIgniter\Database\BaseConnection->query('SELECT *\nFROM `...', Array, false)
#4 C:\laragon\www\backend\system\Model.php(237): CodeIgniter\Database\BaseBuilder->get()
#5 C:\laragon\www\backend\system\BaseModel.php(624): CodeIgniter\Model->doFindAll(0, 0)
#6 C:\laragon\www\backend\app\Controllers\MainController.php(40): CodeIgniter\BaseModel->findAll()
#7 C:\laragon\www\backend\system\CodeIgniter.php(942): App\Controllers\MainController->getData()
#8 C:\laragon\www\backend\system\CodeIgniter.php(502): CodeIgniter\CodeIgniter->runController(Object(App\Controllers\MainController))
#9 C:\laragon\www\backend\system\CodeIgniter.php(361): CodeIgniter\CodeIgniter->handleRequest(NULL, Object(Config\Cache), false)
#10 C:\laragon\www\backend\public\index.php(86): CodeIgniter\CodeIgniter->run()
#11 {main}
CRITICAL - 2023-11-07 01:38:00 --> Table 'funeralhomes.info' doesn't exist
in SYSTEMPATH\Database\BaseConnection.php on line 647.
 1 SYSTEMPATH\Database\BaseBuilder.php(1615): CodeIgniter\Database\BaseConnection->query('SELECT *
FROM `info`', [], false)
 2 SYSTEMPATH\Model.php(237): CodeIgniter\Database\BaseBuilder->get()
 3 SYSTEMPATH\BaseModel.php(624): CodeIgniter\Model->doFindAll(0, 0)
 4 APPPATH\Controllers\MainController.php(40): CodeIgniter\BaseModel->findAll()
 5 SYSTEMPATH\CodeIgniter.php(942): App\Controllers\MainController->getData()
 6 SYSTEMPATH\CodeIgniter.php(502): CodeIgniter\CodeIgniter->runController(Object(App\Controllers\MainController))
 7 SYSTEMPATH\CodeIgniter.php(361): CodeIgniter\CodeIgniter->handleRequest(null, Object(Config\Cache), false)
 8 FCPATH\index.php(86): CodeIgniter\CodeIgniter->run()
CRITICAL - 2023-11-07 06:31:27 --> Call to undefined method App\Models\UserAccount::register
in SYSTEMPATH\Model.php on line 873.
 1 APPPATH\Controllers\UserController.php(46): CodeIgniter\Model->__call('register', [...])
 2 SYSTEMPATH\CodeIgniter.php(942): App\Controllers\UserController->register()
 3 SYSTEMPATH\CodeIgniter.php(502): CodeIgniter\CodeIgniter->runController(Object(App\Controllers\UserController))
 4 SYSTEMPATH\CodeIgniter.php(361): CodeIgniter\CodeIgniter->handleRequest(null, Object(Config\Cache), false)
 5 FCPATH\index.php(86): CodeIgniter\CodeIgniter->run()
CRITICAL - 2023-11-07 06:33:56 --> Call to undefined method App\Models\UserAccount::register
in SYSTEMPATH\Model.php on line 873.
 1 APPPATH\Controllers\UserController.php(46): CodeIgniter\Model->__call('register', [...])
 2 SYSTEMPATH\CodeIgniter.php(942): App\Controllers\UserController->register()
 3 SYSTEMPATH\CodeIgniter.php(502): CodeIgniter\CodeIgniter->runController(Object(App\Controllers\UserController))
 4 SYSTEMPATH\CodeIgniter.php(361): CodeIgniter\CodeIgniter->handleRequest(null, Object(Config\Cache), false)
 5 FCPATH\index.php(86): CodeIgniter\CodeIgniter->run()
CRITICAL - 2023-11-07 07:02:37 --> Call to undefined method App\Models\UserAccount::register
in SYSTEMPATH\Model.php on line 873.
 1 APPPATH\Controllers\UserController.php(46): CodeIgniter\Model->__call('register', [...])
 2 SYSTEMPATH\CodeIgniter.php(942): App\Controllers\UserController->register()
 3 SYSTEMPATH\CodeIgniter.php(502): CodeIgniter\CodeIgniter->runController(Object(App\Controllers\UserController))
 4 SYSTEMPATH\CodeIgniter.php(361): CodeIgniter\CodeIgniter->handleRequest(null, Object(Config\Cache), false)
 5 FCPATH\index.php(86): CodeIgniter\CodeIgniter->run()
CRITICAL - 2023-11-07 07:06:59 --> Call to undefined method App\Models\UserAccount::register
in SYSTEMPATH\Model.php on line 873.
 1 APPPATH\Controllers\UserController.php(46): CodeIgniter\Model->__call('register', [...])
 2 SYSTEMPATH\CodeIgniter.php(942): App\Controllers\UserController->register()
 3 SYSTEMPATH\CodeIgniter.php(502): CodeIgniter\CodeIgniter->runController(Object(App\Controllers\UserController))
 4 SYSTEMPATH\CodeIgniter.php(361): CodeIgniter\CodeIgniter->handleRequest(null, Object(Config\Cache), false)
 5 FCPATH\index.php(86): CodeIgniter\CodeIgniter->run()
CRITICAL - 2023-11-07 07:08:45 --> Call to undefined method App\Models\UserAccount::register
in SYSTEMPATH\Model.php on line 873.
 1 APPPATH\Controllers\UserController.php(46): CodeIgniter\Model->__call('register', [...])
 2 SYSTEMPATH\CodeIgniter.php(942): App\Controllers\UserController->register()
 3 SYSTEMPATH\CodeIgniter.php(502): CodeIgniter\CodeIgniter->runController(Object(App\Controllers\UserController))
 4 SYSTEMPATH\CodeIgniter.php(361): CodeIgniter\CodeIgniter->handleRequest(null, Object(Config\Cache), false)
 5 FCPATH\index.php(86): CodeIgniter\CodeIgniter->run()
CRITICAL - 2023-11-07 07:09:21 --> Call to undefined method App\Models\UserAccount::register
in SYSTEMPATH\Model.php on line 873.
 1 APPPATH\Controllers\UserController.php(46): CodeIgniter\Model->__call('register', [...])
 2 SYSTEMPATH\CodeIgniter.php(942): App\Controllers\UserController->register()
 3 SYSTEMPATH\CodeIgniter.php(502): CodeIgniter\CodeIgniter->runController(Object(App\Controllers\UserController))
 4 SYSTEMPATH\CodeIgniter.php(361): CodeIgniter\CodeIgniter->handleRequest(null, Object(Config\Cache), false)
 5 FCPATH\index.php(86): CodeIgniter\CodeIgniter->run()
CRITICAL - 2023-11-07 07:10:11 --> Call to undefined method App\Models\UserAccount::register
in SYSTEMPATH\Model.php on line 873.
 1 APPPATH\Controllers\UserController.php(45): CodeIgniter\Model->__call('register', [...])
 2 SYSTEMPATH\CodeIgniter.php(942): App\Controllers\UserController->register()
 3 SYSTEMPATH\CodeIgniter.php(502): CodeIgniter\CodeIgniter->runController(Object(App\Controllers\UserController))
 4 SYSTEMPATH\CodeIgniter.php(361): CodeIgniter\CodeIgniter->handleRequest(null, Object(Config\Cache), false)
 5 FCPATH\index.php(86): CodeIgniter\CodeIgniter->run()
